<?xml version="1.0" encoding="UTF-8"?>
<!-- Generated by org.testng.reporters.JUnitReportReporter -->
<testsuite hostname="DESKTOP-U1VNJ3I" failures="0" tests="1" name="E_CommerceProject.E_CoomerceProject_NOP.AppTest" time="0.032" errors="0" timestamp="2023-02-17T09:35:04 IST" skipped="0">
  <testcase classname="E_CommerceProject.E_CoomerceProject_NOP.AppTest" name="shouldAnswerWithTrue" time="0.032"/>
  <system-out/>
</testsuite> <!-- E_CommerceProject.E_CoomerceProject_NOP.AppTest -->
