<?xml version="1.0" encoding="UTF-8"?>
<!-- Generated by org.testng.reporters.JUnitReportReporter -->
<testsuite hostname="DESKTOP-U1VNJ3I" failures="0" tests="1" name="com.nop.baseTest4.BaseTest4" time="0.027" errors="0" timestamp="2023-02-17T10:39:32 IST" skipped="0">
  <testcase classname="com.nop.baseTest4.BaseTest4" name="initialiseBrowser" time="0.027"/>
  <system-out/>
</testsuite> <!-- com.nop.baseTest4.BaseTest4 -->
