<?xml version="1.0" encoding="UTF-8"?>
<!-- Generated by org.testng.reporters.JUnitReportReporter -->
<testsuite hostname="DESKTOP-U1VNJ3I" failures="0" tests="1" name="com.nop.testLayer.CheckTest" time="26.340" errors="0" timestamp="2023-02-18T09:31:50 IST" skipped="0">
  <testcase classname="com.nop.testLayer.CheckTest" name="checkTest" time="26.340"/>
  <system-out/>
</testsuite> <!-- com.nop.testLayer.CheckTest -->
