<?xml version="1.0" encoding="UTF-8"?>
<!-- Generated by org.testng.reporters.JUnitReportReporter -->
<testsuite hostname="DESKTOP-U1VNJ3I" failures="0" tests="1" name="com.nop.testLayer.CheckTest" time="66.399" errors="0" timestamp="2023-02-17T13:31:57 IST" skipped="0">
  <testcase classname="com.nop.testLayer.CheckTest" name="checkTest" time="66.399"/>
  <system-out/>
</testsuite> <!-- com.nop.testLayer.CheckTest -->
